SF:lib/modules/login/domain/entity/user_entity.dart
DA:5,2
LF:1
LH:1
end_of_record
SF:lib/modules/login/domain/use_cases/login_use_case.dart
DA:7,1
DA:9,1
DA:10,2
LF:3
LH:3
end_of_record
SF:lib/modules/login/presenter/bloc/state.dart
DA:6,4
DA:8,1
DA:9,2
DA:13,3
DA:17,2
DA:21,2
DA:25,2
DA:29,2
DA:35,2
DA:39,4
DA:47,5
DA:49,1
DA:50,1
DA:51,1
DA:52,1
DA:55,1
DA:59,1
DA:60,1
DA:61,1
LF:19
LH:19
end_of_record
SF:lib/modules/login/presenter/bloc/event.dart
DA:4,1
DA:5,1
DA:10,1
DA:12,1
DA:13,2
DA:18,1
DA:20,1
DA:21,2
DA:25,1
LF:9
LH:9
end_of_record
SF:lib/modules/login/presenter/bloc/bloc.dart
DA:12,1
DA:14,1
DA:19,2
DA:20,2
DA:21,2
DA:24,1
DA:28,1
DA:29,1
DA:30,3
DA:31,1
DA:37,1
DA:41,1
DA:42,1
DA:43,3
DA:44,1
DA:50,1
DA:51,4
DA:53,1
DA:54,3
DA:55,3
DA:58,2
DA:61,4
DA:63,1
DA:64,1
DA:65,2
LF:25
LH:25
end_of_record
